
> ot-go-webapp@0.0.0 start
> react-scripts --openssl-legacy-provider start

(node:2136) [DEP0111] DeprecationWarning: Access to process.binding('http_parser') is deprecated.
(Use `node --trace-deprecation ...` to show where the warning was created)
Starting the development server...

Compiled with warnings.

./src/SiteWrapper.react.js
  Line 162:  The href attribute requires a valid value to be accessible. Provide a valid, navigable address as the href value. If you cannot provide a valid href, but still need the element to resemble a link, use a button and change it with appropriate styles. Learn more: https://github.com/evcohen/eslint-plugin-jsx-a11y/blob/master/docs/rules/anchor-is-valid.md  jsx-a11y/anchor-is-valid
  Line 163:  The href attribute requires a valid value to be accessible. Provide a valid, navigable address as the href value. If you cannot provide a valid href, but still need the element to resemble a link, use a button and change it with appropriate styles. Learn more: https://github.com/evcohen/eslint-plugin-jsx-a11y/blob/master/docs/rules/anchor-is-valid.md  jsx-a11y/anchor-is-valid
  Line 164:  The href attribute requires a valid value to be accessible. Provide a valid, navigable address as the href value. If you cannot provide a valid href, but still need the element to resemble a link, use a button and change it with appropriate styles. Learn more: https://github.com/evcohen/eslint-plugin-jsx-a11y/blob/master/docs/rules/anchor-is-valid.md  jsx-a11y/anchor-is-valid
  Line 165:  The href attribute requires a valid value to be accessible. Provide a valid, navigable address as the href value. If you cannot provide a valid href, but still need the element to resemble a link, use a button and change it with appropriate styles. Learn more: https://github.com/evcohen/eslint-plugin-jsx-a11y/blob/master/docs/rules/anchor-is-valid.md  jsx-a11y/anchor-is-valid
  Line 166:  The href attribute requires a valid value to be accessible. Provide a valid, navigable address as the href value. If you cannot provide a valid href, but still need the element to resemble a link, use a button and change it with appropriate styles. Learn more: https://github.com/evcohen/eslint-plugin-jsx-a11y/blob/master/docs/rules/anchor-is-valid.md  jsx-a11y/anchor-is-valid
  Line 167:  The href attribute requires a valid value to be accessible. Provide a valid, navigable address as the href value. If you cannot provide a valid href, but still need the element to resemble a link, use a button and change it with appropriate styles. Learn more: https://github.com/evcohen/eslint-plugin-jsx-a11y/blob/master/docs/rules/anchor-is-valid.md  jsx-a11y/anchor-is-valid
  Line 168:  The href attribute requires a valid value to be accessible. Provide a valid, navigable address as the href value. If you cannot provide a valid href, but still need the element to resemble a link, use a button and change it with appropriate styles. Learn more: https://github.com/evcohen/eslint-plugin-jsx-a11y/blob/master/docs/rules/anchor-is-valid.md  jsx-a11y/anchor-is-valid
  Line 169:  The href attribute requires a valid value to be accessible. Provide a valid, navigable address as the href value. If you cannot provide a valid href, but still need the element to resemble a link, use a button and change it with appropriate styles. Learn more: https://github.com/evcohen/eslint-plugin-jsx-a11y/blob/master/docs/rules/anchor-is-valid.md  jsx-a11y/anchor-is-valid

./src/EmployeeList.js
  Line 1:   'react' is defined but never used   no-unused-vars
  Line 2:  'Button' is defined but never used  no-unused-vars

./src/ListSalary.js
  Line 1:   'react' is defined but never used   no-unused-vars
  Line 2:  'Button' is defined but never used  no-unused-vars

./src/AttendanceList.js
  Line 1:   'react' is defined but never used   no-unused-vars
  Line 2:  'Button' is defined but never used  no-unused-vars

./src/EmployeeForm.js
  Line 1:  'react' is defined but never used  no-unused-vars

./src/AttendanceForm.js
  Line 1:  'react' is defined but never used  no-unused-vars

./src/App.react.js
  Line 2:  'Route' is defined but never used  no-unused-vars

./src/HomePage.react.js
  Line 7:   'Avatar' is defined but never used        no-unused-vars
  Line 8:   'Icon' is defined but never used          no-unused-vars
  Line 10:  'Card' is defined but never used          no-unused-vars
  Line 11:  'Text' is defined but never used          no-unused-vars
  Line 12:  'Table' is defined but never used         no-unused-vars
  Line 13:  'Alert' is defined but never used         no-unused-vars
  Line 14:  'Progress' is defined but never used      no-unused-vars
  Line 15:  'colors' is defined but never used        no-unused-vars
  Line 16:  'Dropdown' is defined but never used      no-unused-vars
  Line 17:  'Button' is defined but never used        no-unused-vars
  Line 18:  'StampCard' is defined but never used     no-unused-vars
  Line 20:  'ProgressCard' is defined but never used  no-unused-vars
  Line 21:  'Badge' is defined but never used         no-unused-vars
  Line 24:  'C3Chart' is defined but never used       no-unused-vars

Search for the keywords to learn more about each warning.
To ignore, add // eslint-disable-next-line to the line before.

